{"/Users/lujunsheng/myOwnX/routine/table/src/index.ts": {"path":"/Users/lujunsheng/myOwnX/routine/table/src/index.ts","statementMap":{"0":{"start":{"line":2,"column":0},"end":{"line":2,"column":62}},"1":{"start":{"line":3,"column":0},"end":{"line":3,"column":86}},"2":{"start":{"line":4,"column":24},"end":{"line":4,"column":52}},"3":{"start":{"line":5,"column":0},"end":{"line":5,"column":136}},"4":{"start":{"line":5,"column":89},"end":{"line":5,"column":130}},"5":{"start":{"line":6,"column":0},"end":{"line":6,"column":134}},"6":{"start":{"line":6,"column":88},"end":{"line":6,"column":128}},"7":{"start":{"line":7,"column":0},"end":{"line":7,"column":140}},"8":{"start":{"line":7,"column":91},"end":{"line":7,"column":134}}},"fnMap":{"0":{"name":"(anonymous_0)","decl":{"start":{"line":5,"column":75},"end":{"line":5,"column":76}},"loc":{"start":{"line":5,"column":87},"end":{"line":5,"column":132}},"line":5},"1":{"name":"(anonymous_1)","decl":{"start":{"line":6,"column":74},"end":{"line":6,"column":75}},"loc":{"start":{"line":6,"column":86},"end":{"line":6,"column":130}},"line":6},"2":{"name":"(anonymous_2)","decl":{"start":{"line":7,"column":77},"end":{"line":7,"column":78}},"loc":{"start":{"line":7,"column":89},"end":{"line":7,"column":136}},"line":7}},"branchMap":{},"s":{"0":2,"1":2,"2":2,"3":2,"4":3,"5":2,"6":30,"7":2,"8":30},"f":{"0":3,"1":30,"2":30},"b":{},"inputSourceMap":null,"_coverageSchema":"1a1c01bbd47fc00a2c39e90264f33305004495a9","hash":"1e44366a937767df8a0bb99cbb53fdc0ee90150b"}
,"/Users/lujunsheng/myOwnX/routine/table/src/table.presenter.ts": {"path":"/Users/lujunsheng/myOwnX/routine/table/src/table.presenter.ts","statementMap":{"0":{"start":{"line":2,"column":17},"end":{"line":7,"column":1}},"1":{"start":{"line":3,"column":12},"end":{"line":3,"column":28}},"2":{"start":{"line":3,"column":34},"end":{"line":3,"column":125}},"3":{"start":{"line":4,"column":4},"end":{"line":5,"column":150}},"4":{"start":{"line":4,"column":79},"end":{"line":4,"column":131}},"5":{"start":{"line":5,"column":9},"end":{"line":5,"column":150}},"6":{"start":{"line":5,"column":22},"end":{"line":5,"column":43}},"7":{"start":{"line":5,"column":58},"end":{"line":5,"column":150}},"8":{"start":{"line":5,"column":81},"end":{"line":5,"column":150}},"9":{"start":{"line":6,"column":4},"end":{"line":6,"column":66}},"10":{"start":{"line":8,"column":17},"end":{"line":10,"column":1}},"11":{"start":{"line":9,"column":4},"end":{"line":9,"column":109}},"12":{"start":{"line":9,"column":79},"end":{"line":9,"column":109}},"13":{"start":{"line":11,"column":14},"end":{"line":13,"column":1}},"14":{"start":{"line":12,"column":4},"end":{"line":12,"column":73}},"15":{"start":{"line":12,"column":36},"end":{"line":12,"column":71}},"16":{"start":{"line":14,"column":0},"end":{"line":14,"column":62}},"17":{"start":{"line":15,"column":0},"end":{"line":15,"column":86}},"18":{"start":{"line":16,"column":20},"end":{"line":16,"column":50}},"19":{"start":{"line":19,"column":0},"end":{"line":19,"column":42}},"20":{"start":{"line":20,"column":0},"end":{"line":20,"column":56}},"21":{"start":{"line":21,"column":21},"end":{"line":88,"column":1}},"22":{"start":{"line":23,"column":8},"end":{"line":23,"column":16}},"23":{"start":{"line":24,"column":8},"end":{"line":24,"column":31}},"24":{"start":{"line":25,"column":8},"end":{"line":30,"column":10}},"25":{"start":{"line":33,"column":8},"end":{"line":35,"column":11}},"26":{"start":{"line":34,"column":12},"end":{"line":34,"column":29}},"27":{"start":{"line":38,"column":8},"end":{"line":40,"column":11}},"28":{"start":{"line":39,"column":12},"end":{"line":39,"column":30}},"29":{"start":{"line":43,"column":23},"end":{"line":43,"column":25}},"30":{"start":{"line":44,"column":8},"end":{"line":48,"column":11}},"31":{"start":{"line":45,"column":12},"end":{"line":47,"column":13}},"32":{"start":{"line":46,"column":16},"end":{"line":46,"column":50}},"33":{"start":{"line":49,"column":8},"end":{"line":49,"column":27}},"34":{"start":{"line":50,"column":8},"end":{"line":63,"column":11}},"35":{"start":{"line":53,"column":12},"end":{"line":58,"column":15}},"36":{"start":{"line":54,"column":16},"end":{"line":54,"column":51}},"37":{"start":{"line":55,"column":16},"end":{"line":55,"column":53}},"38":{"start":{"line":56,"column":16},"end":{"line":56,"column":47}},"39":{"start":{"line":57,"column":16},"end":{"line":57,"column":34}},"40":{"start":{"line":59,"column":12},"end":{"line":59,"column":23}},"41":{"start":{"line":62,"column":12},"end":{"line":62,"column":31}},"42":{"start":{"line":66,"column":8},"end":{"line":68,"column":11}},"43":{"start":{"line":67,"column":12},"end":{"line":67,"column":86}},"44":{"start":{"line":71,"column":18},"end":{"line":71,"column":20}},"45":{"start":{"line":72,"column":8},"end":{"line":78,"column":11}},"46":{"start":{"line":73,"column":12},"end":{"line":77,"column":13}},"47":{"start":{"line":74,"column":16},"end":{"line":76,"column":19}},"48":{"start":{"line":79,"column":8},"end":{"line":81,"column":11}},"49":{"start":{"line":80,"column":12},"end":{"line":80,"column":69}},"50":{"start":{"line":84,"column":8},"end":{"line":86,"column":11}},"51":{"start":{"line":85,"column":12},"end":{"line":85,"column":26}},"52":{"start":{"line":89,"column":0},"end":{"line":93,"column":19}},"53":{"start":{"line":94,"column":0},"end":{"line":94,"column":40}}},"fnMap":{"0":{"name":"(anonymous_0)","decl":{"start":{"line":2,"column":46},"end":{"line":2,"column":47}},"loc":{"start":{"line":2,"column":87},"end":{"line":7,"column":1}},"line":2},"1":{"name":"(anonymous_1)","decl":{"start":{"line":8,"column":46},"end":{"line":8,"column":47}},"loc":{"start":{"line":8,"column":62},"end":{"line":10,"column":1}},"line":8},"2":{"name":"(anonymous_2)","decl":{"start":{"line":11,"column":40},"end":{"line":11,"column":41}},"loc":{"start":{"line":11,"column":73},"end":{"line":13,"column":1}},"line":11},"3":{"name":"(anonymous_3)","decl":{"start":{"line":12,"column":11},"end":{"line":12,"column":12}},"loc":{"start":{"line":12,"column":34},"end":{"line":12,"column":73}},"line":12},"4":{"name":"(anonymous_4)","decl":{"start":{"line":22,"column":4},"end":{"line":22,"column":5}},"loc":{"start":{"line":22,"column":25},"end":{"line":31,"column":5}},"line":22},"5":{"name":"(anonymous_5)","decl":{"start":{"line":32,"column":4},"end":{"line":32,"column":5}},"loc":{"start":{"line":32,"column":18},"end":{"line":36,"column":5}},"line":32},"6":{"name":"(anonymous_6)","decl":{"start":{"line":33,"column":22},"end":{"line":33,"column":23}},"loc":{"start":{"line":33,"column":29},"end":{"line":35,"column":9}},"line":33},"7":{"name":"(anonymous_7)","decl":{"start":{"line":37,"column":4},"end":{"line":37,"column":5}},"loc":{"start":{"line":37,"column":18},"end":{"line":41,"column":5}},"line":37},"8":{"name":"(anonymous_8)","decl":{"start":{"line":38,"column":22},"end":{"line":38,"column":23}},"loc":{"start":{"line":38,"column":29},"end":{"line":40,"column":9}},"line":38},"9":{"name":"(anonymous_9)","decl":{"start":{"line":42,"column":4},"end":{"line":42,"column":5}},"loc":{"start":{"line":42,"column":15},"end":{"line":64,"column":5}},"line":42},"10":{"name":"(anonymous_10)","decl":{"start":{"line":44,"column":56},"end":{"line":44,"column":57}},"loc":{"start":{"line":44,"column":68},"end":{"line":48,"column":9}},"line":44},"11":{"name":"(anonymous_11)","decl":{"start":{"line":52,"column":18},"end":{"line":52,"column":19}},"loc":{"start":{"line":52,"column":27},"end":{"line":60,"column":9}},"line":52},"12":{"name":"(anonymous_12)","decl":{"start":{"line":53,"column":26},"end":{"line":53,"column":27}},"loc":{"start":{"line":53,"column":33},"end":{"line":58,"column":13}},"line":53},"13":{"name":"(anonymous_13)","decl":{"start":{"line":61,"column":21},"end":{"line":61,"column":22}},"loc":{"start":{"line":61,"column":27},"end":{"line":63,"column":9}},"line":61},"14":{"name":"(anonymous_14)","decl":{"start":{"line":65,"column":4},"end":{"line":65,"column":5}},"loc":{"start":{"line":65,"column":38},"end":{"line":69,"column":5}},"line":65},"15":{"name":"(anonymous_15)","decl":{"start":{"line":66,"column":22},"end":{"line":66,"column":23}},"loc":{"start":{"line":66,"column":29},"end":{"line":68,"column":9}},"line":66},"16":{"name":"(anonymous_16)","decl":{"start":{"line":70,"column":4},"end":{"line":70,"column":5}},"loc":{"start":{"line":70,"column":30},"end":{"line":82,"column":5}},"line":70},"17":{"name":"(anonymous_17)","decl":{"start":{"line":72,"column":39},"end":{"line":72,"column":40}},"loc":{"start":{"line":72,"column":51},"end":{"line":78,"column":9}},"line":72},"18":{"name":"(anonymous_18)","decl":{"start":{"line":79,"column":22},"end":{"line":79,"column":23}},"loc":{"start":{"line":79,"column":29},"end":{"line":81,"column":9}},"line":79},"19":{"name":"(anonymous_19)","decl":{"start":{"line":83,"column":4},"end":{"line":83,"column":5}},"loc":{"start":{"line":83,"column":23},"end":{"line":87,"column":5}},"line":83},"20":{"name":"(anonymous_20)","decl":{"start":{"line":84,"column":22},"end":{"line":84,"column":23}},"loc":{"start":{"line":84,"column":29},"end":{"line":86,"column":9}},"line":84}},"branchMap":{"0":{"loc":{"start":{"line":2,"column":17},"end":{"line":7,"column":1}},"type":"binary-expr","locations":[{"start":{"line":2,"column":18},"end":{"line":2,"column":22}},{"start":{"line":2,"column":26},"end":{"line":2,"column":41}},{"start":{"line":2,"column":46},"end":{"line":7,"column":1}}],"line":2},"1":{"loc":{"start":{"line":3,"column":34},"end":{"line":3,"column":125}},"type":"cond-expr","locations":[{"start":{"line":3,"column":42},"end":{"line":3,"column":48}},{"start":{"line":3,"column":51},"end":{"line":3,"column":125}}],"line":3},"2":{"loc":{"start":{"line":3,"column":51},"end":{"line":3,"column":125}},"type":"cond-expr","locations":[{"start":{"line":3,"column":67},"end":{"line":3,"column":118}},{"start":{"line":3,"column":121},"end":{"line":3,"column":125}}],"line":3},"3":{"loc":{"start":{"line":4,"column":4},"end":{"line":5,"column":150}},"type":"if","locations":[{"start":{"line":4,"column":4},"end":{"line":5,"column":150}},{"start":{"line":5,"column":9},"end":{"line":5,"column":150}}],"line":4},"4":{"loc":{"start":{"line":4,"column":8},"end":{"line":4,"column":77}},"type":"binary-expr","locations":[{"start":{"line":4,"column":8},"end":{"line":4,"column":35}},{"start":{"line":4,"column":39},"end":{"line":4,"column":77}}],"line":4},"5":{"loc":{"start":{"line":5,"column":58},"end":{"line":5,"column":150}},"type":"if","locations":[{"start":{"line":5,"column":58},"end":{"line":5,"column":150}},{"start":{},"end":{}}],"line":5},"6":{"loc":{"start":{"line":5,"column":85},"end":{"line":5,"column":149}},"type":"binary-expr","locations":[{"start":{"line":5,"column":86},"end":{"line":5,"column":143}},{"start":{"line":5,"column":148},"end":{"line":5,"column":149}}],"line":5},"7":{"loc":{"start":{"line":5,"column":86},"end":{"line":5,"column":143}},"type":"cond-expr","locations":[{"start":{"line":5,"column":94},"end":{"line":5,"column":98}},{"start":{"line":5,"column":101},"end":{"line":5,"column":143}}],"line":5},"8":{"loc":{"start":{"line":5,"column":101},"end":{"line":5,"column":143}},"type":"cond-expr","locations":[{"start":{"line":5,"column":109},"end":{"line":5,"column":126}},{"start":{"line":5,"column":129},"end":{"line":5,"column":143}}],"line":5},"9":{"loc":{"start":{"line":6,"column":11},"end":{"line":6,"column":62}},"type":"binary-expr","locations":[{"start":{"line":6,"column":11},"end":{"line":6,"column":16}},{"start":{"line":6,"column":20},"end":{"line":6,"column":21}},{"start":{"line":6,"column":25},"end":{"line":6,"column":62}}],"line":6},"10":{"loc":{"start":{"line":8,"column":17},"end":{"line":10,"column":1}},"type":"binary-expr","locations":[{"start":{"line":8,"column":18},"end":{"line":8,"column":22}},{"start":{"line":8,"column":26},"end":{"line":8,"column":41}},{"start":{"line":8,"column":46},"end":{"line":10,"column":1}}],"line":8},"11":{"loc":{"start":{"line":9,"column":4},"end":{"line":9,"column":109}},"type":"if","locations":[{"start":{"line":9,"column":4},"end":{"line":9,"column":109}},{"start":{},"end":{}}],"line":9},"12":{"loc":{"start":{"line":9,"column":8},"end":{"line":9,"column":77}},"type":"binary-expr","locations":[{"start":{"line":9,"column":8},"end":{"line":9,"column":35}},{"start":{"line":9,"column":39},"end":{"line":9,"column":77}}],"line":9},"13":{"loc":{"start":{"line":11,"column":14},"end":{"line":13,"column":1}},"type":"binary-expr","locations":[{"start":{"line":11,"column":15},"end":{"line":11,"column":19}},{"start":{"line":11,"column":23},"end":{"line":11,"column":35}},{"start":{"line":11,"column":40},"end":{"line":13,"column":1}}],"line":11},"14":{"loc":{"start":{"line":44,"column":23},"end":{"line":44,"column":46}},"type":"binary-expr","locations":[{"start":{"line":44,"column":23},"end":{"line":44,"column":40}},{"start":{"line":44,"column":44},"end":{"line":44,"column":46}}],"line":44},"15":{"loc":{"start":{"line":45,"column":12},"end":{"line":47,"column":13}},"type":"if","locations":[{"start":{"line":45,"column":12},"end":{"line":47,"column":13}},{"start":{},"end":{}}],"line":45},"16":{"loc":{"start":{"line":73,"column":12},"end":{"line":77,"column":13}},"type":"if","locations":[{"start":{"line":73,"column":12},"end":{"line":77,"column":13}},{"start":{},"end":{}}],"line":73}},"s":{"0":2,"1":2,"2":2,"3":2,"4":2,"5":0,"6":0,"7":0,"8":0,"9":2,"10":2,"11":2,"12":2,"13":2,"14":2,"15":2,"16":2,"17":2,"18":2,"19":2,"20":2,"21":2,"22":9,"23":9,"24":9,"25":6,"26":6,"27":5,"28":5,"29":4,"30":4,"31":0,"32":0,"33":4,"34":4,"35":3,"36":3,"37":3,"38":3,"39":3,"40":3,"41":4,"42":5,"43":5,"44":2,"45":2,"46":2,"47":2,"48":2,"49":2,"50":1,"51":1,"52":2,"53":2},"f":{"0":2,"1":2,"2":2,"3":2,"4":9,"5":6,"6":6,"7":5,"8":5,"9":4,"10":0,"11":3,"12":3,"13":4,"14":5,"15":5,"16":2,"17":2,"18":2,"19":1,"20":1},"b":{"0":[2,2,2],"1":[2,0],"2":[0,0],"3":[2,0],"4":[2,2],"5":[0,0],"6":[0,0],"7":[0,0],"8":[0,0],"9":[2,0,0],"10":[2,2,2],"11":[2,0],"12":[2,2],"13":[2,2,2],"14":[4,0],"15":[0,0],"16":[2,0]},"inputSourceMap":null,"_coverageSchema":"1a1c01bbd47fc00a2c39e90264f33305004495a9","hash":"b46216bf5d3c6177f48a9bd8b69ca2ec075de4c2"}
}
