{"/Users/lujunsheng/myOwnX/routine-js/table/src/index.ts": {"path":"/Users/lujunsheng/myOwnX/routine-js/table/src/index.ts","statementMap":{"0":{"start":{"line":1,"column":0},"end":{"line":1,"column":null}},"1":{"start":{"line":2,"column":2},"end":{"line":2,"column":null}},"2":{"start":{"line":3,"column":2},"end":{"line":3,"column":null}},"3":{"start":{"line":4,"column":2},"end":{"line":4,"column":null}}},"fnMap":{"0":{"name":"(anonymous_0)","decl":{"start":{"line":2,"column":2},"end":{"line":2,"column":17}},"loc":{"start":{"line":2,"column":2},"end":{"line":2,"column":null}}},"1":{"name":"(anonymous_1)","decl":{"start":{"line":3,"column":2},"end":{"line":3,"column":16}},"loc":{"start":{"line":3,"column":2},"end":{"line":3,"column":null}}},"2":{"name":"(anonymous_2)","decl":{"start":{"line":4,"column":2},"end":{"line":4,"column":19}},"loc":{"start":{"line":4,"column":2},"end":{"line":4,"column":null}}}},"branchMap":{},"s":{"0":1,"1":3,"2":27,"3":27},"f":{"0":2,"1":26,"2":26},"b":{}}
,"/Users/lujunsheng/myOwnX/routine-js/table/src/table.presenter.ts": {"path":"/Users/lujunsheng/myOwnX/routine-js/table/src/table.presenter.ts","statementMap":{"0":{"start":{"line":1,"column":0},"end":{"line":1,"column":68}},"1":{"start":{"line":3,"column":0},"end":{"line":3,"column":22}},"2":{"start":{"line":9,"column":13},"end":{"line":9,"column":61}},"3":{"start":{"line":28,"column":0},"end":{"line":118,"column":null}},"4":{"start":{"line":35,"column":4},"end":{"line":35,"column":12}},"5":{"start":{"line":33,"column":39},"end":{"line":33,"column":48}},"6":{"start":{"line":36,"column":4},"end":{"line":43,"column":6}},"7":{"start":{"line":47,"column":4},"end":{"line":49,"column":7}},"8":{"start":{"line":48,"column":6},"end":{"line":48,"column":23}},"9":{"start":{"line":53,"column":4},"end":{"line":55,"column":7}},"10":{"start":{"line":54,"column":6},"end":{"line":54,"column":24}},"11":{"start":{"line":59,"column":36},"end":{"line":59,"column":38}},"12":{"start":{"line":60,"column":4},"end":{"line":64,"column":7}},"13":{"start":{"line":61,"column":6},"end":{"line":63,"column":null}},"14":{"start":{"line":62,"column":8},"end":{"line":62,"column":42}},"15":{"start":{"line":65,"column":4},"end":{"line":65,"column":23}},"16":{"start":{"line":66,"column":4},"end":{"line":83,"column":9}},"17":{"start":{"line":73,"column":8},"end":{"line":78,"column":11}},"18":{"start":{"line":74,"column":10},"end":{"line":74,"column":51}},"19":{"start":{"line":75,"column":10},"end":{"line":75,"column":53}},"20":{"start":{"line":76,"column":10},"end":{"line":76,"column":47}},"21":{"start":{"line":77,"column":10},"end":{"line":77,"column":34}},"22":{"start":{"line":79,"column":8},"end":{"line":79,"column":19}},"23":{"start":{"line":82,"column":8},"end":{"line":82,"column":27}},"24":{"start":{"line":87,"column":4},"end":{"line":92,"column":7}},"25":{"start":{"line":88,"column":6},"end":{"line":91,"column":8}},"26":{"start":{"line":96,"column":31},"end":{"line":96,"column":33}},"27":{"start":{"line":97,"column":4},"end":{"line":103,"column":7}},"28":{"start":{"line":98,"column":6},"end":{"line":102,"column":null}},"29":{"start":{"line":99,"column":8},"end":{"line":101,"column":11}},"30":{"start":{"line":105,"column":4},"end":{"line":110,"column":7}},"31":{"start":{"line":106,"column":6},"end":{"line":109,"column":8}},"32":{"start":{"line":114,"column":4},"end":{"line":116,"column":7}},"33":{"start":{"line":115,"column":6},"end":{"line":115,"column":46}},"34":{"start":{"line":28,"column":13},"end":{"line":118,"column":null}},"35":{"start":{"line":28,"column":13},"end":{"line":28,"column":27}}},"fnMap":{"0":{"name":"(anonymous_0)","decl":{"start":{"line":32,"column":2},"end":{"line":32,"column":null}},"loc":{"start":{"line":33,"column":76},"end":{"line":44,"column":3}}},"1":{"name":"(anonymous_1)","decl":{"start":{"line":46,"column":2},"end":{"line":46,"column":13}},"loc":{"start":{"line":46,"column":13},"end":{"line":50,"column":3}}},"2":{"name":"(anonymous_2)","decl":{"start":{"line":47,"column":18},"end":{"line":47,"column":19}},"loc":{"start":{"line":47,"column":24},"end":{"line":49,"column":5}}},"3":{"name":"(anonymous_3)","decl":{"start":{"line":52,"column":2},"end":{"line":52,"column":13}},"loc":{"start":{"line":52,"column":13},"end":{"line":56,"column":3}}},"4":{"name":"(anonymous_4)","decl":{"start":{"line":53,"column":18},"end":{"line":53,"column":19}},"loc":{"start":{"line":53,"column":24},"end":{"line":55,"column":5}}},"5":{"name":"(anonymous_5)","decl":{"start":{"line":58,"column":2},"end":{"line":58,"column":10}},"loc":{"start":{"line":58,"column":10},"end":{"line":84,"column":3}}},"6":{"name":"(anonymous_6)","decl":{"start":{"line":60,"column":55},"end":{"line":60,"column":56}},"loc":{"start":{"line":60,"column":66},"end":{"line":64,"column":5}}},"7":{"name":"(anonymous_7)","decl":{"start":{"line":72,"column":12},"end":{"line":72,"column":13}},"loc":{"start":{"line":72,"column":20},"end":{"line":80,"column":7}}},"8":{"name":"(anonymous_8)","decl":{"start":{"line":73,"column":22},"end":{"line":73,"column":23}},"loc":{"start":{"line":73,"column":28},"end":{"line":78,"column":9}}},"9":{"name":"(anonymous_9)","decl":{"start":{"line":81,"column":15},"end":{"line":81,"column":18}},"loc":{"start":{"line":81,"column":20},"end":{"line":83,"column":7}}},"10":{"name":"(anonymous_10)","decl":{"start":{"line":86,"column":2},"end":{"line":86,"column":23}},"loc":{"start":{"line":86,"column":56},"end":{"line":93,"column":3}}},"11":{"name":"(anonymous_11)","decl":{"start":{"line":87,"column":18},"end":{"line":87,"column":19}},"loc":{"start":{"line":87,"column":24},"end":{"line":92,"column":5}}},"12":{"name":"(anonymous_12)","decl":{"start":{"line":95,"column":2},"end":{"line":95,"column":19}},"loc":{"start":{"line":95,"column":43},"end":{"line":111,"column":3}}},"13":{"name":"(anonymous_13)","decl":{"start":{"line":97,"column":35},"end":{"line":97,"column":36}},"loc":{"start":{"line":97,"column":46},"end":{"line":103,"column":5}}},"14":{"name":"(anonymous_14)","decl":{"start":{"line":105,"column":18},"end":{"line":105,"column":19}},"loc":{"start":{"line":105,"column":24},"end":{"line":110,"column":5}}},"15":{"name":"(anonymous_15)","decl":{"start":{"line":113,"column":2},"end":{"line":113,"column":18}},"loc":{"start":{"line":113,"column":18},"end":{"line":117,"column":3}}},"16":{"name":"(anonymous_16)","decl":{"start":{"line":114,"column":18},"end":{"line":114,"column":19}},"loc":{"start":{"line":114,"column":24},"end":{"line":116,"column":5}}}},"branchMap":{"0":{"loc":{"start":{"line":60,"column":19},"end":{"line":60,"column":49}},"type":"binary-expr","locations":[{"start":{"line":60,"column":19},"end":{"line":60,"column":43}},{"start":{"line":60,"column":47},"end":{"line":60,"column":49}}]},"1":{"loc":{"start":{"line":60,"column":19},"end":{"line":60,"column":43}},"type":"cond-expr","locations":[{"start":{"line":60,"column":35},"end":{"line":60,"column":37}},{"start":{"line":60,"column":35},"end":{"line":60,"column":43}}]},"2":{"loc":{"start":{"line":60,"column":19},"end":{"line":60,"column":37}},"type":"binary-expr","locations":[{"start":{"line":60,"column":19},"end":{"line":60,"column":37}},{"start":{"line":60,"column":35},"end":{"line":60,"column":37}}]},"3":{"loc":{"start":{"line":61,"column":6},"end":{"line":63,"column":null}},"type":"if","locations":[{"start":{"line":61,"column":6},"end":{"line":63,"column":null}}]},"4":{"loc":{"start":{"line":98,"column":6},"end":{"line":102,"column":null}},"type":"if","locations":[{"start":{"line":98,"column":6},"end":{"line":102,"column":null}}]}},"s":{"0":1,"1":1,"2":1,"3":1,"4":26,"5":26,"6":26,"7":5,"8":5,"9":4,"10":4,"11":3,"12":3,"13":0,"14":0,"15":3,"16":3,"17":2,"18":2,"19":2,"20":2,"21":2,"22":2,"23":3,"24":5,"25":5,"26":2,"27":2,"28":2,"29":2,"30":2,"31":2,"32":1,"33":1,"34":1,"35":1},"f":{"0":26,"1":5,"2":5,"3":4,"4":4,"5":3,"6":0,"7":2,"8":2,"9":3,"10":5,"11":5,"12":2,"13":2,"14":2,"15":1,"16":1},"b":{"0":[3,0],"1":[0,3],"2":[3,3],"3":[0],"4":[2]}}
}
