TN:
SF:src/index.ts
FN:2,(anonymous_0)
FN:3,(anonymous_1)
FN:4,(anonymous_2)
FNF:3
FNH:3
FNDA:2,(anonymous_0)
FNDA:26,(anonymous_1)
FNDA:26,(anonymous_2)
DA:1,1
DA:2,3
DA:3,27
DA:4,27
LF:4
LH:4
BRF:0
BRH:0
end_of_record
TN:
SF:src/table.presenter.ts
FN:32,(anonymous_0)
FN:46,(anonymous_1)
FN:47,(anonymous_2)
FN:52,(anonymous_3)
FN:53,(anonymous_4)
FN:58,(anonymous_5)
FN:60,(anonymous_6)
FN:72,(anonymous_7)
FN:73,(anonymous_8)
FN:81,(anonymous_9)
FN:86,(anonymous_10)
FN:87,(anonymous_11)
FN:95,(anonymous_12)
FN:97,(anonymous_13)
FN:105,(anonymous_14)
FN:113,(anonymous_15)
FN:114,(anonymous_16)
FNF:17
FNH:16
FNDA:26,(anonymous_0)
FNDA:5,(anonymous_1)
FNDA:5,(anonymous_2)
FNDA:4,(anonymous_3)
FNDA:4,(anonymous_4)
FNDA:3,(anonymous_5)
FNDA:0,(anonymous_6)
FNDA:2,(anonymous_7)
FNDA:2,(anonymous_8)
FNDA:3,(anonymous_9)
FNDA:5,(anonymous_10)
FNDA:5,(anonymous_11)
FNDA:2,(anonymous_12)
FNDA:2,(anonymous_13)
FNDA:2,(anonymous_14)
FNDA:1,(anonymous_15)
FNDA:1,(anonymous_16)
DA:1,1
DA:3,1
DA:9,1
DA:28,1
DA:33,26
DA:35,26
DA:36,26
DA:47,5
DA:48,5
DA:53,4
DA:54,4
DA:59,3
DA:60,3
DA:61,0
DA:62,0
DA:65,3
DA:66,3
DA:73,2
DA:74,2
DA:75,2
DA:76,2
DA:77,2
DA:79,2
DA:82,3
DA:87,5
DA:88,5
DA:96,2
DA:97,2
DA:98,2
DA:99,2
DA:105,2
DA:106,2
DA:114,1
DA:115,1
LF:34
LH:32
BRDA:60,0,0,3
BRDA:60,0,1,0
BRDA:60,1,0,0
BRDA:60,1,1,3
BRDA:60,2,0,3
BRDA:60,2,1,3
BRDA:61,3,0,0
BRDA:98,4,0,2
BRF:8
BRH:5
end_of_record
