TN:
SF:src/index.ts
FN:5,(anonymous_0)
FN:6,(anonymous_1)
FN:7,(anonymous_2)
FNF:3
FNH:3
FNDA:3,(anonymous_0)
FNDA:30,(anonymous_1)
FNDA:30,(anonymous_2)
DA:2,2
DA:3,2
DA:4,2
DA:5,3
DA:6,30
DA:7,30
LF:6
LH:6
BRF:0
BRH:0
end_of_record
TN:
SF:src/table.presenter.ts
FN:12,(anonymous_0)
FN:24,(anonymous_1)
FN:25,(anonymous_2)
FN:29,(anonymous_3)
FN:30,(anonymous_4)
FN:34,(anonymous_5)
FN:37,(anonymous_6)
FN:45,(anonymous_7)
FN:46,(anonymous_8)
FN:54,(anonymous_9)
FN:58,(anonymous_10)
FN:59,(anonymous_11)
FN:63,(anonymous_12)
FN:65,(anonymous_13)
FN:72,(anonymous_14)
FN:76,(anonymous_15)
FN:77,(anonymous_16)
FNF:17
FNH:16
FNDA:30,(anonymous_0)
FNDA:6,(anonymous_1)
FNDA:6,(anonymous_2)
FNDA:5,(anonymous_3)
FNDA:5,(anonymous_4)
FNDA:4,(anonymous_5)
FNDA:0,(anonymous_6)
FNDA:3,(anonymous_7)
FNDA:3,(anonymous_8)
FNDA:4,(anonymous_9)
FNDA:5,(anonymous_10)
FNDA:5,(anonymous_11)
FNDA:2,(anonymous_12)
FNDA:2,(anonymous_13)
FNDA:2,(anonymous_14)
FNDA:1,(anonymous_15)
FNDA:1,(anonymous_16)
DA:2,2
DA:3,2
DA:4,2
DA:5,2
DA:6,2
DA:9,2
DA:10,2
DA:11,2
DA:13,30
DA:14,30
DA:15,30
DA:25,6
DA:26,6
DA:30,5
DA:31,5
DA:36,4
DA:37,4
DA:38,0
DA:39,0
DA:42,4
DA:43,4
DA:46,3
DA:47,3
DA:48,3
DA:49,3
DA:50,3
DA:52,3
DA:55,4
DA:59,5
DA:60,5
DA:64,2
DA:65,2
DA:66,2
DA:67,2
DA:72,2
DA:73,2
DA:77,1
DA:78,1
DA:82,2
DA:87,2
LF:40
LH:38
BRDA:37,0,0,4
BRDA:37,0,1,0
BRDA:37,1,0,0
BRDA:37,1,1,4
BRDA:37,2,0,4
BRDA:37,2,1,4
BRDA:38,3,0,0
BRDA:38,3,1,0
BRDA:66,4,0,2
BRDA:66,4,1,0
BRF:10
BRH:5
end_of_record
